jan. 07, 2026 6:01:04 PM liquibase.changelog
INFO: Reading resource: db/changelog/migrations/db.changelog-202601071216.sql
jan. 07, 2026 6:01:04 PM liquibase.changelog
INFO: Reading resource: db/changelog/migrations/db.changelog-202601071544.sql
jan. 07, 2026 6:01:04 PM liquibase.changelog
INFO: Reading resource: db/changelog/migrations/db.changelog-202601071638.sql
jan. 07, 2026 6:01:04 PM liquibase.changelog
INFO: Reading resource: db/changelog/migrations/db.changelog-202601071643.sql
jan. 07, 2026 6:01:20 PM liquibase.changelog
INFO: Reading from board.DATABASECHANGELOG
jan. 07, 2026 6:01:20 PM liquibase.lockservice
INFO: Successfully acquired change log lock
jan. 07, 2026 6:01:20 PM liquibase.command
INFO: Using deploymentId: 7823280247
jan. 07, 2026 6:01:20 PM liquibase.changelog
INFO: Reading from board.DATABASECHANGELOG
Running Changeset: db/changelog/migrations/db.changelog-202601071544.sql::202607011544::lev
jan. 07, 2026 6:01:20 PM liquibase.changelog
INFO: Custom SQL executed
jan. 07, 2026 6:01:20 PM liquibase.changelog
INFO: ChangeSet db/changelog/migrations/db.changelog-202601071544.sql::202607011544::lev ran successfully in 79ms
Running Changeset: db/changelog/migrations/db.changelog-202601071638.sql::202607011638::lev
jan. 07, 2026 6:01:20 PM liquibase.changelog
INFO: Custom SQL executed
jan. 07, 2026 6:01:20 PM liquibase.changelog
INFO: ChangeSet db/changelog/migrations/db.changelog-202601071638.sql::202607011638::lev ran successfully in 83ms
Running Changeset: db/changelog/migrations/db.changelog-202601071643.sql::202607011638::lev
jan. 07, 2026 6:01:20 PM liquibase.changelog
INFO: Custom SQL executed
jan. 07, 2026 6:01:20 PM liquibase.changelog
INFO: ChangeSet db/changelog/migrations/db.changelog-202601071643.sql::202607011638::lev ran successfully in 84ms

UPDATE SUMMARY
Run:                          3
Previously run:               1
Filtered out:                 0
-------------------------------
Total change sets:            4

jan. 07, 2026 6:01:20 PM liquibase.util
INFO: UPDATE SUMMARY
jan. 07, 2026 6:01:20 PM liquibase.util
INFO: Run:                          3
jan. 07, 2026 6:01:20 PM liquibase.util
INFO: Previously run:               1
jan. 07, 2026 6:01:20 PM liquibase.util
INFO: Filtered out:                 0
jan. 07, 2026 6:01:20 PM liquibase.util
INFO: -------------------------------
jan. 07, 2026 6:01:20 PM liquibase.util
INFO: Total change sets:            4
jan. 07, 2026 6:01:20 PM liquibase.util
INFO: Update summary generated
jan. 07, 2026 6:01:20 PM liquibase.command
INFO: Update command completed successfully.
Liquibase: Update has been successful. Rows affected: 3
jan. 07, 2026 6:01:20 PM liquibase.lockservice
INFO: Successfully released change log lock
jan. 07, 2026 6:01:20 PM liquibase.command
INFO: Command execution complete
